1648915362605	geckodriver	INFO	Listening on 127.0.0.1:54941
1648915365686	mozrunner::runner	INFO	Running command: "C:\\Program Files\\Mozilla Firefox\\firefox.exe" "--marionette" "--remote-debugging-port" "54942" "-no-remote" "-profile" "C:\\Users\\Rodzinka\\AppData\\Local\\Temp\\rust_mozprofilexJtSlZ"
1648915365936	Marionette	INFO	Marionette enabled
console.warn: SearchSettings: "get: No settings file exists, new profile?" (new NotFoundError("Could not open the file at C:\\Users\\Rodzinka\\AppData\\Local\\Temp\\rust_mozprofilexJtSlZ\\search.json.mozlz4", (void 0)))
DevTools listening on ws://localhost:54942/devtools/browser/1718cd60-9fb9-40be-b32b-de6e02238331
1648915367400	Marionette	INFO	Listening on port 54947
1648915367744	RemoteAgent	WARN	TLS certificate errors will be ignored for this session
1648915376635	Marionette	INFO	Stopped listening on port 54947
console.warn: TopSitesFeed: Failed to fetch data from Contile server: NetworkError when attempting to fetch resource.
JavaScript error: chrome://remote/content/marionette/cert.js, line 55: NS_ERROR_NOT_AVAILABLE: Component returned failure code: 0x80040111 (NS_ERROR_NOT_AVAILABLE) [nsICertOverrideService.setDisableAllSecurityChecksAndLetAttackersInterceptMyData]
1648915485198	geckodriver	INFO	Listening on 127.0.0.1:51264
1648915488272	mozrunner::runner	INFO	Running command: "C:\\Program Files\\Mozilla Firefox\\firefox.exe" "--marionette" "--remote-debugging-port" "51265" "-no-remote" "-profile" "C:\\Users\\Rodzinka\\AppData\\Local\\Temp\\rust_mozprofilenst0F6"
1648915488497	Marionette	INFO	Marionette enabled
console.warn: SearchSettings: "get: No settings file exists, new profile?" (new NotFoundError("Could not open the file at C:\\Users\\Rodzinka\\AppData\\Local\\Temp\\rust_mozprofilenst0F6\\search.json.mozlz4", (void 0)))
DevTools listening on ws://localhost:51265/devtools/browser/3f91fb8c-7706-40cd-9cc1-526c3e23f894
1648915489964	Marionette	INFO	Listening on port 51270
1648915490324	RemoteAgent	WARN	TLS certificate errors will be ignored for this session
1648915499104	Marionette	INFO	Stopped listening on port 51270

###!!! [Parent][PGPUParent] Error: RunMessage(msgname=PGPU::Msg_ShutdownVR) Channel closing: too late to send/recv, messages will be lost

1648915675317	geckodriver	INFO	Listening on 127.0.0.1:60599
1648915678378	mozrunner::runner	INFO	Running command: "C:\\Program Files\\Mozilla Firefox\\firefox.exe" "--marionette" "--remote-debugging-port" "60600" "-no-remote" "-profile" "C:\\Users\\Rodzinka\\AppData\\Local\\Temp\\rust_mozprofilee2Ailv"
1648915678622	Marionette	INFO	Marionette enabled
console.warn: SearchSettings: "get: No settings file exists, new profile?" (new NotFoundError("Could not open the file at C:\\Users\\Rodzinka\\AppData\\Local\\Temp\\rust_mozprofilee2Ailv\\search.json.mozlz4", (void 0)))
DevTools listening on ws://localhost:60600/devtools/browser/2e4feaa5-3f75-4de1-ae1e-fa1aa8a9f60d
1648915680320	Marionette	INFO	Listening on port 60607
1648915680429	RemoteAgent	WARN	TLS certificate errors will be ignored for this session
1648915680661	Marionette	INFO	Stopped listening on port 60607
console.warn: TopSitesFeed: Failed to fetch data from Contile server: NetworkError when attempting to fetch resource.
console.error: Region.jsm: "Error fetching region" (new TypeError("NetworkError when attempting to fetch resource.", ""))
console.error: Region.jsm: "Failed to fetch region" (new Error("NO_RESULT", "resource://gre/modules/Region.jsm", 419))
JavaScript error: chrome://remote/content/marionette/cert.js, line 55: NS_ERROR_NOT_AVAILABLE: Component returned failure code: 0x80040111 (NS_ERROR_NOT_AVAILABLE) [nsICertOverrideService.setDisableAllSecurityChecksAndLetAttackersInterceptMyData]

###!!! [Parent][PGPUParent] Error: RunMessage(msgname=PGPU::Msg_ShutdownVR) Channel closing: too late to send/recv, messages will be lost

